-------------------------------------------------------------------------------
Test set: TestSuite
-------------------------------------------------------------------------------
Tests run: 1, Failures: 1, Errors: 0, Skipped: 0, Time elapsed: 68.013 sec <<< FAILURE! - in TestSuite
parallelRun(demo.guru99.com.runner.RunCukes)  Time elapsed: 67.304 sec  <<< FAILURE!
courgette.runtime.CourgetteTestFailureException: There were failing tests. Refer to the Courgette html report for more details.

