<?xml version="1.0" encoding="UTF-8"?>
<testng-results skipped="0" failed="0" ignored="0" total="1" passed="1">
  <reporter-output>
  </reporter-output>
  <suite name="Suite" duration-ms="63870" started-at="2021-01-15T21:46:37 IST" finished-at="2021-01-15T21:47:41 IST">
    <groups>
    </groups>
    <test name="Test" duration-ms="63870" started-at="2021-01-15T21:46:37 IST" finished-at="2021-01-15T21:47:41 IST">
      <class name="demo.guru99.com.runner.RunCukes">
        <test-method status="PASS" signature="initialize()[pri:0, instance:demo.guru99.com.runner.RunCukes@7a9273a8]" name="initialize" is-config="true" duration-ms="145" started-at="2021-01-15T21:46:37 IST" finished-at="2021-01-15T21:46:38 IST">
          <reporter-output>
          </reporter-output>
        </test-method> <!-- initialize -->
        <test-method status="PASS" signature="parallelRun()[pri:0, instance:demo.guru99.com.runner.RunCukes@7a9273a8]" name="parallelRun" duration-ms="63694" started-at="2021-01-15T21:46:38 IST" finished-at="2021-01-15T21:47:41 IST">
          <reporter-output>
          </reporter-output>
        </test-method> <!-- parallelRun -->
      </class> <!-- demo.guru99.com.runner.RunCukes -->
    </test> <!-- Test -->
  </suite> <!-- Suite -->
</testng-results>
